Flow report for kunpeng
Fri Feb 10 10:47:12 2017
Quartus II 64-Bit Version 14.0.0 Build 200 06/17/2014 SJ Web Edition


---------------------
; Table of Contents ;
---------------------
  1. Legal Notice
  2. Flow Summary
  3. Flow Settings
  4. Flow Non-Default Global Settings
  5. Flow Elapsed Time
  6. Flow OS Summary
  7. Flow Log
  8. Flow Messages
  9. Flow Suppressed Messages



----------------
; Legal Notice ;
----------------
Copyright (C) 1991-2014 Altera Corporation. All rights reserved.
Your use of Altera Corporation's design tools, logic functions 
and other software and tools, and its AMPP partner logic 
functions, and any output files from any of the foregoing 
(including device programming or simulation files), and any 
associated documentation or information are expressly subject 
to the terms and conditions of the Altera Program License 
Subscription Agreement, the Altera Quartus II License Agreement,
the Altera MegaCore Function License Agreement, or other 
applicable license agreement, including, without limitation, 
that your use is for the sole purpose of programming logic 
devices manufactured by Altera and sold by Altera or its 
authorized distributors.  Please refer to the applicable 
agreement for further details.



+---------------------------------------------------------------------------------+
; Flow Summary                                                                    ;
+------------------------------------+--------------------------------------------+
; Flow Status                        ; Successful - Fri Feb 10 10:47:12 2017      ;
; Quartus II 64-Bit Version          ; 14.0.0 Build 200 06/17/2014 SJ Web Edition ;
; Revision Name                      ; kunpeng                                    ;
; Top-level Entity Name              ; kunpeng                                    ;
; Family                             ; Cyclone IV GX                              ;
; Total logic elements               ; 768 / 14,400 ( 5 % )                       ;
;     Total combinational functions  ; 729 / 14,400 ( 5 % )                       ;
;     Dedicated logic registers      ; 542 / 14,400 ( 4 % )                       ;
; Total registers                    ; 542                                        ;
; Total pins                         ; 9 / 81 ( 11 % )                            ;
; Total virtual pins                 ; 0                                          ;
; Total memory bits                  ; 0 / 552,960 ( 0 % )                        ;
; Embedded Multiplier 9-bit elements ; 0                                          ;
; Total GXB Receiver Channel PCS     ; 0 / 2 ( 0 % )                              ;
; Total GXB Receiver Channel PMA     ; 0 / 2 ( 0 % )                              ;
; Total GXB Transmitter Channel PCS  ; 0 / 2 ( 0 % )                              ;
; Total GXB Transmitter Channel PMA  ; 0 / 2 ( 0 % )                              ;
; Total PLLs                         ; 0 / 3 ( 0 % )                              ;
; Device                             ; EP4CGX15BF14C6                             ;
; Timing Models                      ; Final                                      ;
+------------------------------------+--------------------------------------------+


+-----------------------------------------+
; Flow Settings                           ;
+-------------------+---------------------+
; Option            ; Setting             ;
+-------------------+---------------------+
; Start date & time ; 02/10/2017 10:46:39 ;
; Main task         ; Compilation         ;
; Revision Name     ; kunpeng             ;
+-------------------+---------------------+


+---------------------------------------------------------------------------------------------------------------------+
; Flow Non-Default Global Settings                                                                                    ;
+-------------------------------------+--------------------------------+---------------+-------------+----------------+
; Assignment Name                     ; Value                          ; Default Value ; Entity Name ; Section Id     ;
+-------------------------------------+--------------------------------+---------------+-------------+----------------+
; COMPILER_SIGNATURE_ID               ; 58220873593194.148669479903764 ; --            ; --          ; --             ;
; EDA_OUTPUT_DATA_FORMAT              ; Vhdl                           ; --            ; --          ; eda_simulation ;
; EDA_SIMULATION_TOOL                 ; ModelSim-Altera (VHDL)         ; <None>        ; --          ; --             ;
; PARTITION_COLOR                     ; 16764057                       ; --            ; --          ; Top            ;
; PARTITION_FITTER_PRESERVATION_LEVEL ; PLACEMENT_AND_ROUTING          ; --            ; --          ; Top            ;
; PARTITION_NETLIST_TYPE              ; SOURCE                         ; --            ; --          ; Top            ;
; PROJECT_OUTPUT_DIRECTORY            ; output_files                   ; --            ; --          ; --             ;
+-------------------------------------+--------------------------------+---------------+-------------+----------------+


+-------------------------------------------------------------------------------------------------------------------------------+
; Flow Elapsed Time                                                                                                             ;
+---------------------------+--------------+-------------------------+---------------------+------------------------------------+
; Module Name               ; Elapsed Time ; Average Processors Used ; Peak Virtual Memory ; Total CPU Time (on all processors) ;
+---------------------------+--------------+-------------------------+---------------------+------------------------------------+
; Analysis & Synthesis      ; 00:00:04     ; 1.0                     ; 626 MB              ; 00:00:04                           ;
; Fitter                    ; 00:00:13     ; 1.0                     ; 830 MB              ; 00:00:12                           ;
; Assembler                 ; 00:00:01     ; 1.0                     ; 540 MB              ; 00:00:01                           ;
; TimeQuest Timing Analyzer ; 00:00:04     ; 1.0                     ; 513 MB              ; 00:00:03                           ;
; EDA Netlist Writer        ; 00:00:02     ; 1.0                     ; 499 MB              ; 00:00:02                           ;
; Total                     ; 00:00:24     ; --                      ; --                  ; 00:00:22                           ;
+---------------------------+--------------+-------------------------+---------------------+------------------------------------+


+----------------------------------------------------------------------------------------+
; Flow OS Summary                                                                        ;
+---------------------------+------------------+-----------+------------+----------------+
; Module Name               ; Machine Hostname ; OS Name   ; OS Version ; Processor type ;
+---------------------------+------------------+-----------+------------+----------------+
; Analysis & Synthesis      ; PIDSGHLT1142     ; Windows 7 ; 6.1        ; x86_64         ;
; Fitter                    ; PIDSGHLT1142     ; Windows 7 ; 6.1        ; x86_64         ;
; Assembler                 ; PIDSGHLT1142     ; Windows 7 ; 6.1        ; x86_64         ;
; TimeQuest Timing Analyzer ; PIDSGHLT1142     ; Windows 7 ; 6.1        ; x86_64         ;
; EDA Netlist Writer        ; PIDSGHLT1142     ; Windows 7 ; 6.1        ; x86_64         ;
+---------------------------+------------------+-----------+------------+----------------+


------------
; Flow Log ;
------------
quartus_map --read_settings_files=on --write_settings_files=off kunpeng -c kunpeng
quartus_fit --read_settings_files=off --write_settings_files=off kunpeng -c kunpeng
quartus_asm --read_settings_files=off --write_settings_files=off kunpeng -c kunpeng
quartus_sta kunpeng -c kunpeng
quartus_eda --read_settings_files=off --write_settings_files=off kunpeng -c kunpeng



